<?xml version="1.0" encoding="UTF-8"?>
<coverage generated="1692069906262" clover="3.2.0">
  <project timestamp="1692069906262" name="All files">
    <metrics statements="23" coveredstatements="21" conditionals="8" coveredconditionals="8" methods="3" coveredmethods="2" elements="34" coveredelements="31" complexity="0" loc="23" ncloc="23" packages="1" files="1" classes="1"/>
    <file name="keyCaseTransform.ts" path="C:\Users\felixwong\Desktop\js vue practice\test_vite_template\vite-project-react-query\src\data\keyCaseTransform.ts">
      <metrics statements="23" coveredstatements="21" conditionals="8" coveredconditionals="8" methods="3" coveredmethods="2"/>
      <line num="1" count="1" type="stmt"/>
      <line num="2" count="1" type="stmt"/>
      <line num="3" count="8" type="cond" truecount="1" falsecount="0"/>
      <line num="4" count="8" type="stmt"/>
      <line num="5" count="8" type="stmt"/>
      <line num="6" count="8" type="stmt"/>
      <line num="7" count="8" type="stmt"/>
      <line num="8" count="8" type="stmt"/>
      <line num="9" count="8" type="cond" truecount="1" falsecount="0"/>
      <line num="10" count="17" type="stmt"/>
      <line num="11" count="17" type="stmt"/>
      <line num="12" count="17" type="stmt"/>
      <line num="13" count="17" type="cond" truecount="2" falsecount="0"/>
      <line num="14" count="17" type="stmt"/>
      <line num="15" count="8" type="cond" truecount="2" falsecount="0"/>
      <line num="16" count="8" type="stmt"/>
      <line num="17" count="8" type="stmt"/>
      <line num="18" count="1" type="cond" truecount="1" falsecount="0"/>
      <line num="19" count="3" type="cond" truecount="1" falsecount="0"/>
      <line num="20" count="3" type="stmt"/>
      <line num="21" count="1" type="stmt"/>
      <line num="22" count="0" type="stmt"/>
      <line num="23" count="0" type="stmt"/>
    </file>
  </project>
</coverage>
