{"C:\\Users\\felixwong\\Desktop\\js vue practice\\test_vite_template\\vite-project-react-query\\src\\data\\keyCaseTransform.ts": {"path":"C:\\Users\\felixwong\\Desktop\\js vue practice\\test_vite_template\\vite-project-react-query\\src\\data\\keyCaseTransform.ts","all":false,"statementMap":{"0":{"start":{"line":1,"column":0},"end":{"line":1,"column":60}},"1":{"start":{"line":2,"column":0},"end":{"line":2,"column":22}},"2":{"start":{"line":3,"column":0},"end":{"line":3,"column":30}},"3":{"start":{"line":4,"column":0},"end":{"line":4,"column":21}},"4":{"start":{"line":5,"column":0},"end":{"line":5,"column":34}},"5":{"start":{"line":6,"column":0},"end":{"line":6,"column":8}},"6":{"start":{"line":7,"column":0},"end":{"line":7,"column":18}},"7":{"start":{"line":8,"column":0},"end":{"line":8,"column":9}},"8":{"start":{"line":9,"column":0},"end":{"line":9,"column":25}},"9":{"start":{"line":10,"column":0},"end":{"line":10,"column":12}},"10":{"start":{"line":11,"column":0},"end":{"line":11,"column":15}},"11":{"start":{"line":12,"column":0},"end":{"line":12,"column":23}},"12":{"start":{"line":13,"column":0},"end":{"line":13,"column":65}},"13":{"start":{"line":14,"column":0},"end":{"line":14,"column":8}},"14":{"start":{"line":15,"column":0},"end":{"line":15,"column":29}},"15":{"start":{"line":16,"column":0},"end":{"line":16,"column":3}},"16":{"start":{"line":17,"column":0},"end":{"line":17,"column":1}},"17":{"start":{"line":18,"column":0},"end":{"line":18,"column":41}},"18":{"start":{"line":19,"column":0},"end":{"line":19,"column":55}},"19":{"start":{"line":20,"column":0},"end":{"line":20,"column":1}},"20":{"start":{"line":21,"column":0},"end":{"line":21,"column":41}},"21":{"start":{"line":22,"column":0},"end":{"line":22,"column":45}},"22":{"start":{"line":23,"column":0},"end":{"line":23,"column":1}}},"s":{"0":1,"1":1,"2":8,"3":8,"4":8,"5":8,"6":8,"7":8,"8":8,"9":17,"10":17,"11":17,"12":17,"13":17,"14":8,"15":8,"16":8,"17":1,"18":3,"19":3,"20":1,"21":0,"22":0},"branchMap":{"0":{"type":"branch","line":3,"loc":{"start":{"line":3,"column":0},"end":{"line":17,"column":1}},"locations":[{"start":{"line":3,"column":0},"end":{"line":17,"column":1}}]},"1":{"type":"branch","line":15,"loc":{"start":{"line":15,"column":18},"end":{"line":15,"column":27}},"locations":[{"start":{"line":15,"column":18},"end":{"line":15,"column":27}}]},"2":{"type":"branch","line":15,"loc":{"start":{"line":15,"column":23},"end":{"line":15,"column":29}},"locations":[{"start":{"line":15,"column":23},"end":{"line":15,"column":29}}]},"3":{"type":"branch","line":9,"loc":{"start":{"line":9,"column":4},"end":{"line":14,"column":8}},"locations":[{"start":{"line":9,"column":4},"end":{"line":14,"column":8}}]},"4":{"type":"branch","line":13,"loc":{"start":{"line":13,"column":22},"end":{"line":13,"column":62}},"locations":[{"start":{"line":13,"column":22},"end":{"line":13,"column":62}}]},"5":{"type":"branch","line":13,"loc":{"start":{"line":13,"column":58},"end":{"line":13,"column":65}},"locations":[{"start":{"line":13,"column":58},"end":{"line":13,"column":65}}]},"6":{"type":"branch","line":18,"loc":{"start":{"line":18,"column":7},"end":{"line":20,"column":1}},"locations":[{"start":{"line":18,"column":7},"end":{"line":20,"column":1}}]},"7":{"type":"branch","line":19,"loc":{"start":{"line":19,"column":33},"end":{"line":19,"column":54}},"locations":[{"start":{"line":19,"column":33},"end":{"line":19,"column":54}}]}},"b":{"0":[8],"1":[1],"2":[7],"3":[17],"4":[5],"5":[12],"6":[3],"7":[17]},"fnMap":{"0":{"name":"_recursionProcess","decl":{"start":{"line":3,"column":0},"end":{"line":17,"column":1}},"loc":{"start":{"line":3,"column":0},"end":{"line":17,"column":1}},"line":3},"1":{"name":"camelCase","decl":{"start":{"line":18,"column":7},"end":{"line":20,"column":1}},"loc":{"start":{"line":18,"column":7},"end":{"line":20,"column":1}},"line":18},"2":{"name":"snakeCase","decl":{"start":{"line":21,"column":7},"end":{"line":23,"column":1}},"loc":{"start":{"line":21,"column":7},"end":{"line":23,"column":1}},"line":21}},"f":{"0":8,"1":3,"2":0}}
}
